TN:
SF:/Users/leigh/Documents/prd/src/getDatabase.js
FN:18,setEntry
FN:22,getEntry
FN:23,setState
FN:26,getState
FN:29,prdTable
FN:35,prdFirstInstance
FN:41,getRelation
FN:50,getMany
FN:60,getSingle
FN:63,getFromGlobe
FN:76,findEntry
FN:86,prd
FNF:12
FNH:12
FNDA:4,setEntry
FNDA:4,getEntry
FNDA:9,setState
FNDA:9,getState
FNDA:4,prdTable
FNDA:4,prdFirstInstance
FNDA:5,getRelation
FNDA:4,getMany
FNDA:2,getSingle
FNDA:3,getFromGlobe
FNDA:3,findEntry
FNDA:2,prd
DA:2,1
DA:4,1
DA:20,4
DA:22,4
DA:24,9
DA:27,9
DA:30,4
DA:31,1
DA:33,3
DA:36,4
DA:37,2
DA:39,2
DA:42,5
DA:43,2
DA:45,3
DA:46,2
DA:48,1
DA:51,4
DA:52,4
DA:53,4
DA:54,2
DA:58,2
DA:61,2
DA:64,3
DA:65,3
DA:66,3
DA:67,1
DA:68,1
DA:70,2
DA:71,2
DA:72,1
DA:74,1
DA:77,3
DA:78,3
DA:79,1
DA:81,2
DA:82,2
DA:86,1
DA:87,2
DA:88,2
DA:89,2
DA:90,2
DA:91,2
DA:92,1
DA:94,1
DA:95,1
LF:46
LH:46
BRDA:30,1,0,1
BRDA:30,1,1,3
BRDA:36,2,0,2
BRDA:36,2,1,2
BRDA:42,3,0,2
BRDA:42,3,1,3
BRDA:45,4,0,2
BRDA:45,4,1,1
BRDA:53,5,0,2
BRDA:53,5,1,2
BRDA:53,6,0,4
BRDA:53,6,1,3
BRDA:66,7,0,1
BRDA:66,7,1,2
BRDA:71,8,0,1
BRDA:71,8,1,1
BRDA:78,9,0,1
BRDA:78,9,1,2
BRF:18
BRH:18
end_of_record
TN:
SF:/Users/leigh/Documents/prd/src/mutateDatabase.js
FN:9,createOrderedMap
FN:12,(anonymous_8)
FN:9,idArray
FN:24,(anonymous_10)
FN:9,mergeWithoutList
FN:9,checklistWithId
FN:9,mapState
FN:9,addToGLobe
FN:64,(anonymous_15)
FN:68,(anonymous_16)
FN:9,createMapObject
FN:9,setNextObject
FN:138,combineMappedStates
FNF:13
FNH:13
FNDA:14,createOrderedMap
FNDA:13,(anonymous_8)
FNDA:9,idArray
FNDA:8,(anonymous_10)
FNDA:4,mergeWithoutList
FNDA:46,checklistWithId
FNDA:39,mapState
FNDA:25,addToGLobe
FNDA:32,(anonymous_15)
FNDA:32,(anonymous_16)
FNDA:37,createMapObject
FNDA:33,setNextObject
FNDA:7,combineMappedStates
DA:2,1
DA:3,1
DA:4,1
DA:7,1
DA:11,14
DA:12,14
DA:13,13
DA:15,13
DA:17,1
DA:18,1
DA:23,9
DA:24,9
DA:25,8
DA:28,1
DA:29,1
DA:33,4
DA:34,2
DA:35,1
DA:37,1
DA:40,2
DA:43,46
DA:46,39
DA:47,39
DA:48,14
DA:50,25
DA:52,3
DA:54,3
DA:56,22
DA:58,1
DA:59,1
DA:63,25
DA:64,32
DA:65,32
DA:69,32
DA:70,32
DA:71,32
DA:72,31
DA:74,1
DA:75,1
DA:78,31
DA:83,1
DA:84,1
DA:88,37
DA:89,37
DA:90,1
DA:94,36
DA:95,21
DA:96,7
DA:103,14
DA:104,12
DA:105,2
DA:115,26
DA:116,26
DA:123,1
DA:124,1
DA:128,33
DA:129,33
DA:130,33
DA:133,1
DA:134,1
DA:138,7
DA:139,7
DA:140,7
DA:141,7
LF:64
LH:64
BRDA:33,1,0,2
BRDA:33,1,1,2
BRDA:33,2,0,4
BRDA:33,2,1,3
BRDA:33,3,0,0
BRDA:33,3,1,3
BRDA:34,4,0,1
BRDA:34,4,1,1
BRDA:43,5,0,46
BRDA:43,5,1,11
BRDA:43,5,2,11
BRDA:43,5,3,10
BRDA:47,6,0,14
BRDA:47,6,1,25
BRDA:47,7,0,39
BRDA:47,7,1,25
BRDA:47,8,0,0
BRDA:47,8,1,39
BRDA:50,9,0,3
BRDA:50,9,1,22
BRDA:69,10,0,32
BRDA:69,10,1,0
BRDA:69,11,0,32
BRDA:69,11,1,32
BRDA:89,12,0,1
BRDA:89,12,1,36
BRDA:94,13,0,21
BRDA:94,13,1,15
BRDA:94,14,0,36
BRDA:94,14,1,36
BRDA:94,15,0,0
BRDA:94,15,1,36
BRDA:95,16,0,7
BRDA:95,16,1,14
BRDA:103,17,0,12
BRDA:103,17,1,1
BRDA:104,18,0,2
BRDA:104,18,1,10
BRDA:129,19,0,33
BRDA:129,19,1,0
BRDA:129,20,0,33
BRDA:129,20,1,33
BRDA:138,21,0,1
BRDA:138,21,1,6
BRDA:138,22,0,7
BRDA:138,22,1,6
BRDA:140,23,0,6
BRDA:140,23,1,1
BRDA:140,24,0,7
BRDA:140,24,1,3
BRF:50
BRH:45
end_of_record
